----- 2026-01-27 03:21:53 -----
TO: DiegoCastro360z@gmail.com
SUBJECT: Sistema de autenticación de GamebridgeStore
MESSAGE:
Ingrese el siguiente codigo dentro del formulario para iniciar sesión: 263600

----- 2026-01-27 03:56:29 -----
TO: DiegoCastro360z@gmail.com
SUBJECT: Sistema de autenticación de GamebridgeStore
MESSAGE:
Ingrese el siguiente codigo dentro del formulario para iniciar sesión: 614642

----- 2026-02-25 02:42:33 -----
TO: DiegoCastro360z@gmail.com
SUBJECT: Sistema de autenticación de GamebridgeStore
MESSAGE:
Ingrese el siguiente codigo dentro del formulario para iniciar sesión: 367844

----- 2026-02-25 02:49:46 -----
TO: DiegoCastro360z@gmail.com
SUBJECT: Sistema de autenticación de GamebridgeStore
MESSAGE:
Ingrese el siguiente codigo dentro del formulario para iniciar sesión: 683696

----- 2026-02-25 03:13:00 -----
TO: DiegoCastro360z@gmail.com
SUBJECT: Sistema de autenticación de GamebridgeStore
MESSAGE:
Ingrese el siguiente codigo dentro del formulario para iniciar sesión: 919336

